app/build/outputs/logs/manifest-merger-debug-report.txt
-- Merging decision tree log ---
manifest
ADDED from src\main\AndroidManifest.xml:2:1-78:12
INJECTED from src\main\AndroidManifest.xml:2:1-78:12
INJECTED from src\main\AndroidManifest.xml:2:1-78:12
INJECTED from src\main\AndroidManifest.xml:2:1-78:12
MERGED from [com.github.arcadefire:nice-spinner:1.3.4] AndroidManifest.xml:2:1-11:12
MERGED from [com.github.felHR85:UsbSerial:4.5.2] AndroidManifest.xml:2:1-10:12
MERGED from [com.github.ytjd926:common:v2.1.0] AndroidManifest.xml:2:1-40:12
MERGED from [com.github.licheedev.Android-SerialPort-API:serialport:1.0.1] AndroidManifest.xml:2:1-17:12
MERGED from [com.android.support:design:27.0.2] AndroidManifest.xml:17:1-22:12
MERGED from [com.github.devlight.navigationtabstrip:navigationtabstrip:1.0.4] AndroidManifest.xml:14:1-29:12
MERGED from [com.github.yalantis:ucrop:2.2.1-native] AndroidManifest.xml:2:1-12:12
MERGED from [com.android.support:appcompat-v7:27.0.2] AndroidManifest.xml:17:1-22:12
MERGED from [com.android.support:support-v4:27.0.2] AndroidManifest.xml:17:1-22:12
MERGED from [com.android.volley:volley:1.1.0] AndroidManifest.xml:2:1-11:12
MERGED from [com.koushikdutta.async:androidasync:2.2.1] AndroidManifest.xml:2:1-16:12
MERGED from [io.reactivex:rxandroid:1.1.0] AndroidManifest.xml:15:1-21:12
MERGED from [com.github.CymChad:BaseRecyclerViewAdapterHelper:2.9.34] AndroidManifest.xml:2:1-11:12
MERGED from [com.flyco.tablayout:FlycoTabLayout_Lib:2.1.2] AndroidManifest.xml:2:1-12:12
MERGED from [me.iwf.photopicker:PhotoPicker:0.9.12] AndroidManifest.xml:2:1-25:12
MERGED from [top.zibin:Luban:1.1.3] AndroidManifest.xml:2:1-11:12
MERGED from [cn.bingoogolapple:bga-qrcode-zbar:1.2.1] AndroidManifest.xml:2:1-10:12
MERGED from [cn.bingoogolapple:bga-qrcode-zxing:1.2.1] AndroidManifest.xml:2:1-10:12
MERGED from [com.werb.permissionschecker:permissionschecker:0.0.1-beta2] AndroidManifest.xml:2:1-16:12
MERGED from [com.android.support:recyclerview-v7:27.0.2] AndroidManifest.xml:17:1-22:12
MERGED from [com.android.support:transition:27.0.2] AndroidManifest.xml:17:1-22:12
MERGED from [com.android.support:support-media-compat:27.0.2] AndroidManifest.xml:17:1-22:12
MERGED from [com.android.support:support-fragment:27.0.2] AndroidManifest.xml:17:1-22:12
MERGED from [com.android.support:support-core-utils:27.0.2] AndroidManifest.xml:17:1-22:12
MERGED from [com.android.support:animated-vector-drawable:27.0.2] AndroidManifest.xml:17:1-22:12
MERGED from [com.android.support:support-core-ui:27.0.2] AndroidManifest.xml:17:1-22:12
MERGED from [com.android.support:support-vector-drawable:27.0.2] AndroidManifest.xml:17:1-22:12
MERGED from [com.android.support:support-compat:27.0.2] AndroidManifest.xml:17:1-22:12
MERGED from [cn.bingoogolapple:bga-qrcode-core:1.2.1] AndroidManifest.xml:2:1-19:12
MERGED from [android.arch.lifecycle:runtime:1.0.3] AndroidManifest.xml:17:1-24:12
INJECTED from src\main\AndroidManifest.xml:2:1-78:12
INJECTED from src\main\AndroidManifest.xml:2:1-78:12
INJECTED from src\main\AndroidManifest.xml:2:1-78:12
	package
		ADDED from src\main\AndroidManifest.xml:3:5-35
		INJECTED from src\main\AndroidManifest.xml
		INJECTED from src\main\AndroidManifest.xml
	android:versionName
		INJECTED from src\main\AndroidManifest.xml
		ADDED from src\main\AndroidManifest.xml:2:1-78:12
		INJECTED from src\main\AndroidManifest.xml
	android:versionCode
		INJECTED from src\main\AndroidManifest.xml
		ADDED from src\main\AndroidManifest.xml:2:1-78:12
		INJECTED from src\main\AndroidManifest.xml
	xmlns:android
		ADDED from src\main\AndroidManifest.xml:2:11-69
uses-permission#android.permission.ACCESS_WIFI_STATE
ADDED from src\main\AndroidManifest.xml:5:5-76
	android:name
		ADDED from src\main\AndroidManifest.xml:5:22-73
uses-permission#android.permission.CHANGE_WIFI_STATE
ADDED from src\main\AndroidManifest.xml:6:5-76
	android:name
		ADDED from src\main\AndroidManifest.xml:6:22-73
application
ADDED from src\main\AndroidManifest.xml:8:5-73:19
MERGED from [com.github.arcadefire:nice-spinner:1.3.4] AndroidManifest.xml:9:5-47
MERGED from [com.github.arcadefire:nice-spinner:1.3.4] AndroidManifest.xml:9:5-47
MERGED from [com.github.ytjd926:common:v2.1.0] AndroidManifest.xml:19:5-38:19
MERGED from [com.github.ytjd926:common:v2.1.0] AndroidManifest.xml:19:5-38:19
MERGED from [com.github.licheedev.Android-SerialPort-API:serialport:1.0.1] AndroidManifest.xml:11:5-15:19
MERGED from [com.github.licheedev.Android-SerialPort-API:serialport:1.0.1] AndroidManifest.xml:11:5-15:19
MERGED from [com.github.devlight.navigationtabstrip:navigationtabstrip:1.0.4] AndroidManifest.xml:23:5-27:19
MERGED from [com.github.devlight.navigationtabstrip:navigationtabstrip:1.0.4] AndroidManifest.xml:23:5-27:19
MERGED from [com.android.volley:volley:1.1.0] AndroidManifest.xml:9:5-20
MERGED from [com.android.volley:volley:1.1.0] AndroidManifest.xml:9:5-20
MERGED from [com.koushikdutta.async:androidasync:2.2.1] AndroidManifest.xml:13:5-14:19
MERGED from [com.koushikdutta.async:androidasync:2.2.1] AndroidManifest.xml:13:5-14:19
MERGED from [me.iwf.photopicker:PhotoPicker:0.9.12] AndroidManifest.xml:13:5-23:19
MERGED from [me.iwf.photopicker:PhotoPicker:0.9.12] AndroidManifest.xml:13:5-23:19
MERGED from [com.werb.permissionschecker:permissionschecker:0.0.1-beta2] AndroidManifest.xml:11:5-14:19
MERGED from [com.werb.permissionschecker:permissionschecker:0.0.1-beta2] AndroidManifest.xml:11:5-14:19
	android:supportsRtl
		ADDED from src\main\AndroidManifest.xml:14:9-35
	android:label
		ADDED from src\main\AndroidManifest.xml:12:9-41
	android:roundIcon
		ADDED from src\main\AndroidManifest.xml:13:9-54
	android:icon
		ADDED from src\main\AndroidManifest.xml:11:9-43
	android:allowBackup
		ADDED from src\main\AndroidManifest.xml:10:9-35
	android:theme
		ADDED from src\main\AndroidManifest.xml:15:9-40
	android:name
		ADDED from src\main\AndroidManifest.xml:9:9-32
activity#com.minorfish.dtuapp.module.ActSignIn
ADDED from src\main\AndroidManifest.xml:16:9-30:20
	android:screenOrientation
		ADDED from src\main\AndroidManifest.xml:19:13-50
	android:windowSoftInputMode
		ADDED from src\main\AndroidManifest.xml:21:13-70
	android:configChanges
		ADDED from src\main\AndroidManifest.xml:18:13-74
	android:theme
		ADDED from src\main\AndroidManifest.xml:20:13-65
	android:name
		ADDED from src\main\AndroidManifest.xml:17:13-65
intent-filter#action:name:android.intent.action.MAIN+category:name:android.intent.category.DEFAULT+category:name:android.intent.category.HOME+category:name:android.intent.category.LAUNCHER
ADDED from src\main\AndroidManifest.xml:22:13-29:29
action#android.intent.action.MAIN
ADDED from src\main\AndroidManifest.xml:23:17-69
	android:name
		ADDED from src\main\AndroidManifest.xml:23:25-66
category#android.intent.category.HOME
ADDED from src\main\AndroidManifest.xml:25:17-73
	android:name
		ADDED from src\main\AndroidManifest.xml:25:27-70
category#android.intent.category.DEFAULT
ADDED from src\main\AndroidManifest.xml:26:17-76
	android:name
		ADDED from src\main\AndroidManifest.xml:26:27-73
category#android.intent.category.LAUNCHER
ADDED from src\main\AndroidManifest.xml:28:17-77
	android:name
		ADDED from src\main\AndroidManifest.xml:28:27-74
activity#com.minorfish.dtuapp.module.ActFrame
ADDED from src\main\AndroidManifest.xml:32:9-39:20
	android:screenOrientation
		ADDED from src\main\AndroidManifest.xml:35:13-50
	android:launchMode
		ADDED from src\main\AndroidManifest.xml:36:13-44
	android:windowSoftInputMode
		ADDED from src\main\AndroidManifest.xml:38:13-70
	android:configChanges
		ADDED from src\main\AndroidManifest.xml:34:13-74
	android:theme
		ADDED from src\main\AndroidManifest.xml:37:13-65
	android:name
		ADDED from src\main\AndroidManifest.xml:33:13-64
activity#com.minorfish.dtuapp.module.ActFrame2
ADDED from src\main\AndroidManifest.xml:40:9-47:20
	android:screenOrientation
		ADDED from src\main\AndroidManifest.xml:43:13-50
	android:launchMode
		ADDED from src\main\AndroidManifest.xml:44:13-44
	android:windowSoftInputMode
		ADDED from src\main\AndroidManifest.xml:46:13-70
	android:configChanges
		ADDED from src\main\AndroidManifest.xml:42:13-74
	android:theme
		ADDED from src\main\AndroidManifest.xml:45:13-66
	android:name
		ADDED from src\main\AndroidManifest.xml:41:13-65
activity#com.minorfish.dtuapp.module.ActSensorSetting
ADDED from src\main\AndroidManifest.xml:58:9-64:20
	android:screenOrientation
		ADDED from src\main\AndroidManifest.xml:61:13-50
	android:windowSoftInputMode
		ADDED from src\main\AndroidManifest.xml:63:13-70
	android:configChanges
		ADDED from src\main\AndroidManifest.xml:60:13-74
	android:theme
		ADDED from src\main\AndroidManifest.xml:62:13-66
	android:name
		ADDED from src\main\AndroidManifest.xml:59:13-72
service#com.minorfish.dtuapp.usb.UsbService
ADDED from src\main\AndroidManifest.xml:66:9-68:38
	android:enabled
		ADDED from src\main\AndroidManifest.xml:68:13-35
	android:name
		ADDED from src\main\AndroidManifest.xml:67:13-43
service#com.minorfish.dtuapp.mqtt.MqttPushDataService
ADDED from src\main\AndroidManifest.xml:69:9-61
	android:name
		ADDED from src\main\AndroidManifest.xml:69:18-58
meta-data#UMENG_APPKEY
ADDED from src\main\AndroidManifest.xml:71:9-90
	android:value
		ADDED from src\main\AndroidManifest.xml:71:20-60
	android:name
		ADDED from src\main\AndroidManifest.xml:71:61-88
meta-data#UMENG_CHANNEL
ADDED from src\main\AndroidManifest.xml:72:9-70
	android:value
		ADDED from src\main\AndroidManifest.xml:72:20-39
	android:name
		ADDED from src\main\AndroidManifest.xml:72:40-68
uses-feature#android.hardware.usb.host
ADDED from src\main\AndroidManifest.xml:75:5-77:35
	android:required
		ADDED from src\main\AndroidManifest.xml:77:9-32
	android:name
		ADDED from src\main\AndroidManifest.xml:76:9-49
uses-sdk
INJECTED from src\main\AndroidManifest.xml reason: use-sdk injection requested
INJECTED from src\main\AndroidManifest.xml
INJECTED from src\main\AndroidManifest.xml
MERGED from [com.github.arcadefire:nice-spinner:1.3.4] AndroidManifest.xml:5:5-7:41
MERGED from [com.github.arcadefire:nice-spinner:1.3.4] AndroidManifest.xml:5:5-7:41
MERGED from [com.github.felHR85:UsbSerial:4.5.2] AndroidManifest.xml:6:5-8:41
MERGED from [com.github.felHR85:UsbSerial:4.5.2] AndroidManifest.xml:6:5-8:41
MERGED from [com.github.ytjd926:common:v2.1.0] AndroidManifest.xml:7:5-9:41
MERGED from [com.github.ytjd926:common:v2.1.0] AndroidManifest.xml:7:5-9:41
MERGED from [com.github.licheedev.Android-SerialPort-API:serialport:1.0.1] AndroidManifest.xml:7:5-9:41
MERGED from [com.github.licheedev.Android-SerialPort-API:serialport:1.0.1] AndroidManifest.xml:7:5-9:41
MERGED from [com.android.support:design:27.0.2] AndroidManifest.xml:20:5-44
MERGED from [com.android.support:design:27.0.2] AndroidManifest.xml:20:5-44
MERGED from [com.github.devlight.navigationtabstrip:navigationtabstrip:1.0.4] AndroidManifest.xml:19:5-21:41
MERGED from [com.github.devlight.navigationtabstrip:navigationtabstrip:1.0.4] AndroidManifest.xml:19:5-21:41
MERGED from [com.github.yalantis:ucrop:2.2.1-native] AndroidManifest.xml:8:5-10:41
MERGED from [com.github.yalantis:ucrop:2.2.1-native] AndroidManifest.xml:8:5-10:41
MERGED from [com.android.support:appcompat-v7:27.0.2] AndroidManifest.xml:20:5-44
MERGED from [com.android.support:appcompat-v7:27.0.2] AndroidManifest.xml:20:5-44
MERGED from [com.android.support:support-v4:27.0.2] AndroidManifest.xml:20:5-44
MERGED from [com.android.support:support-v4:27.0.2] AndroidManifest.xml:20:5-44
MERGED from [com.android.volley:volley:1.1.0] AndroidManifest.xml:7:5-43
MERGED from [com.android.volley:volley:1.1.0] AndroidManifest.xml:7:5-43
MERGED from [com.koushikdutta.async:androidasync:2.2.1] AndroidManifest.xml:7:5-9:41
MERGED from [com.koushikdutta.async:androidasync:2.2.1] AndroidManifest.xml:7:5-9:41
MERGED from [io.reactivex:rxandroid:1.1.0] AndroidManifest.xml:19:5-43
MERGED from [io.reactivex:rxandroid:1.1.0] AndroidManifest.xml:19:5-43
MERGED from [com.github.CymChad:BaseRecyclerViewAdapterHelper:2.9.34] AndroidManifest.xml:7:5-9:41
MERGED from [com.github.CymChad:BaseRecyclerViewAdapterHelper:2.9.34] AndroidManifest.xml:7:5-9:41
MERGED from [com.flyco.tablayout:FlycoTabLayout_Lib:2.1.2] AndroidManifest.xml:8:5-10:41
MERGED from [com.flyco.tablayout:FlycoTabLayout_Lib:2.1.2] AndroidManifest.xml:8:5-10:41
MERGED from [me.iwf.photopicker:PhotoPicker:0.9.12] AndroidManifest.xml:5:5-7:41
MERGED from [me.iwf.photopicker:PhotoPicker:0.9.12] AndroidManifest.xml:5:5-7:41
MERGED from [top.zibin:Luban:1.1.3] AndroidManifest.xml:7:5-9:41
MERGED from [top.zibin:Luban:1.1.3] AndroidManifest.xml:7:5-9:41
MERGED from [cn.bingoogolapple:bga-qrcode-zbar:1.2.1] AndroidManifest.xml:6:5-8:41
MERGED from [cn.bingoogolapple:bga-qrcode-zbar:1.2.1] AndroidManifest.xml:6:5-8:41
MERGED from [cn.bingoogolapple:bga-qrcode-zxing:1.2.1] AndroidManifest.xml:6:5-8:41
MERGED from [cn.bingoogolapple:bga-qrcode-zxing:1.2.1] AndroidManifest.xml:6:5-8:41
MERGED from [com.werb.permissionschecker:permissionschecker:0.0.1-beta2] AndroidManifest.xml:7:5-9:41
MERGED from [com.werb.permissionschecker:permissionschecker:0.0.1-beta2] AndroidManifest.xml:7:5-9:41
MERGED from [com.android.support:recyclerview-v7:27.0.2] AndroidManifest.xml:20:5-44
MERGED from [com.android.support:recyclerview-v7:27.0.2] AndroidManifest.xml:20:5-44
MERGED from [com.android.support:transition:27.0.2] AndroidManifest.xml:20:5-44
MERGED from [com.android.support:transition:27.0.2] AndroidManifest.xml:20:5-44
MERGED from [com.android.support:support-media-compat:27.0.2] AndroidManifest.xml:20:5-44
MERGED from [com.android.support:support-media-compat:27.0.2] AndroidManifest.xml:20:5-44
MERGED from [com.android.support:support-fragment:27.0.2] AndroidManifest.xml:20:5-44
MERGED from [com.android.support:support-fragment:27.0.2] AndroidManifest.xml:20:5-44
MERGED from [com.android.support:support-core-utils:27.0.2] AndroidManifest.xml:20:5-44
MERGED from [com.android.support:support-core-utils:27.0.2] AndroidManifest.xml:20:5-44
MERGED from [com.android.support:animated-vector-drawable:27.0.2] AndroidManifest.xml:20:5-44
MERGED from [com.android.support:animated-vector-drawable:27.0.2] AndroidManifest.xml:20:5-44
MERGED from [com.android.support:support-core-ui:27.0.2] AndroidManifest.xml:20:5-44
MERGED from [com.android.support:support-core-ui:27.0.2] AndroidManifest.xml:20:5-44
MERGED from [com.android.support:support-vector-drawable:27.0.2] AndroidManifest.xml:20:5-44
MERGED from [com.android.support:support-vector-drawable:27.0.2] AndroidManifest.xml:20:5-44
MERGED from [com.android.support:support-compat:27.0.2] AndroidManifest.xml:20:5-44
MERGED from [com.android.support:support-compat:27.0.2] AndroidManifest.xml:20:5-44
MERGED from [cn.bingoogolapple:bga-qrcode-core:1.2.1] AndroidManifest.xml:5:5-7:41
MERGED from [cn.bingoogolapple:bga-qrcode-core:1.2.1] AndroidManifest.xml:5:5-7:41
MERGED from [android.arch.lifecycle:runtime:1.0.3] AndroidManifest.xml:20:5-22:41
MERGED from [android.arch.lifecycle:runtime:1.0.3] AndroidManifest.xml:20:5-22:41
INJECTED from src\main\AndroidManifest.xml
INJECTED from src\main\AndroidManifest.xml
	android:targetSdkVersion
		INJECTED from src\main\AndroidManifest.xml
		ADDED from src\main\AndroidManifest.xml
		INJECTED from src\main\AndroidManifest.xml
	android:minSdkVersion
		INJECTED from src\main\AndroidManifest.xml
		ADDED from src\main\AndroidManifest.xml
		INJECTED from src\main\AndroidManifest.xml
uses-permission#android.permission.INTERNET
ADDED from [com.github.ytjd926:common:v2.1.0] AndroidManifest.xml:11:5-67
MERGED from [com.koushikdutta.async:androidasync:2.2.1] AndroidManifest.xml:11:5-67
MERGED from [com.koushikdutta.async:androidasync:2.2.1] AndroidManifest.xml:11:5-67
	android:name
		ADDED from [com.github.ytjd926:common:v2.1.0] AndroidManifest.xml:11:22-64
uses-permission#android.permission.VIBRATE
ADDED from [com.github.ytjd926:common:v2.1.0] AndroidManifest.xml:12:5-66
	android:name
		ADDED from [com.github.ytjd926:common:v2.1.0] AndroidManifest.xml:12:22-63
uses-permission#android.permission.WRITE_EXTERNAL_STORAGE
ADDED from [com.github.ytjd926:common:v2.1.0] AndroidManifest.xml:13:5-81
MERGED from [me.iwf.photopicker:PhotoPicker:0.9.12] AndroidManifest.xml:9:5-81
MERGED from [me.iwf.photopicker:PhotoPicker:0.9.12] AndroidManifest.xml:9:5-81
	android:name
		ADDED from [com.github.ytjd926:common:v2.1.0] AndroidManifest.xml:13:22-78
uses-permission#android.permission.ACCESS_NETWORK_STATE
ADDED from [com.github.ytjd926:common:v2.1.0] AndroidManifest.xml:14:5-79
	android:name
		ADDED from [com.github.ytjd926:common:v2.1.0] AndroidManifest.xml:14:22-76
uses-permission#android.permission.BLUETOOTH
ADDED from [com.github.ytjd926:common:v2.1.0] AndroidManifest.xml:15:5-68
	android:name
		ADDED from [com.github.ytjd926:common:v2.1.0] AndroidManifest.xml:15:22-65
uses-permission#android.permission.BLUETOOTH_ADMIN
ADDED from [com.github.ytjd926:common:v2.1.0] AndroidManifest.xml:16:5-74
	android:name
		ADDED from [com.github.ytjd926:common:v2.1.0] AndroidManifest.xml:16:22-71
uses-permission#android.permission.ACCESS_FINE_LOCATION
ADDED from [com.github.ytjd926:common:v2.1.0] AndroidManifest.xml:17:5-79
	android:name
		ADDED from [com.github.ytjd926:common:v2.1.0] AndroidManifest.xml:17:22-76
activity#com.tangjd.common.bluetooth.DeviceListActivity
ADDED from [com.github.ytjd926:common:v2.1.0] AndroidManifest.xml:22:9-27:73
	android:screenOrientation
		ADDED from [com.github.ytjd926:common:v2.1.0] AndroidManifest.xml:25:13-49
	android:windowSoftInputMode
		ADDED from [com.github.ytjd926:common:v2.1.0] AndroidManifest.xml:27:13-70
	android:configChanges
		ADDED from [com.github.ytjd926:common:v2.1.0] AndroidManifest.xml:24:13-74
	android:theme
		ADDED from [com.github.ytjd926:common:v2.1.0] AndroidManifest.xml:26:13-67
	android:name
		ADDED from [com.github.ytjd926:common:v2.1.0] AndroidManifest.xml:23:13-74
uses-permission#android.permission.READ_EXTERNAL_STORAGE
ADDED from [me.iwf.photopicker:PhotoPicker:0.9.12] AndroidManifest.xml:10:5-80
IMPLIED from src\main\AndroidManifest.xml:2:1-78:12 reason: me.iwf.photopicker requested WRITE_EXTERNAL_STORAGE
	android:name
		ADDED from [me.iwf.photopicker:PhotoPicker:0.9.12] AndroidManifest.xml:10:22-77
uses-permission#android.permission.CAMERA
ADDED from [me.iwf.photopicker:PhotoPicker:0.9.12] AndroidManifest.xml:11:5-65
MERGED from [cn.bingoogolapple:bga-qrcode-core:1.2.1] AndroidManifest.xml:9:5-65
MERGED from [cn.bingoogolapple:bga-qrcode-core:1.2.1] AndroidManifest.xml:9:5-65
	android:name
		ADDED from [me.iwf.photopicker:PhotoPicker:0.9.12] AndroidManifest.xml:11:22-62
provider#me.iwf.photopicker.utils.PhotoFileProvider
ADDED from [me.iwf.photopicker:PhotoPicker:0.9.12] AndroidManifest.xml:14:9-22:20
	android:grantUriPermissions
		ADDED from [me.iwf.photopicker:PhotoPicker:0.9.12] AndroidManifest.xml:18:13-47
	android:authorities
		ADDED from [me.iwf.photopicker:PhotoPicker:0.9.12] AndroidManifest.xml:16:13-60
	android:exported
		ADDED from [me.iwf.photopicker:PhotoPicker:0.9.12] AndroidManifest.xml:17:13-37
	android:name
		ADDED from [me.iwf.photopicker:PhotoPicker:0.9.12] AndroidManifest.xml:15:13-70
meta-data#android.support.FILE_PROVIDER_PATHS
ADDED from [me.iwf.photopicker:PhotoPicker:0.9.12] AndroidManifest.xml:19:13-21:67
	android:resource
		ADDED from [me.iwf.photopicker:PhotoPicker:0.9.12] AndroidManifest.xml:21:17-64
	android:name
		ADDED from [me.iwf.photopicker:PhotoPicker:0.9.12] AndroidManifest.xml:20:17-67
uses-permission#android.permission.FLASHLIGHT
ADDED from [cn.bingoogolapple:bga-qrcode-core:1.2.1] AndroidManifest.xml:10:5-69
	android:name
		ADDED from [cn.bingoogolapple:bga-qrcode-core:1.2.1] AndroidManifest.xml:10:22-66
uses-feature#android.hardware.camera.autofocus
ADDED from [cn.bingoogolapple:bga-qrcode-core:1.2.1] AndroidManifest.xml:12:5-14:36
	android:required
		ADDED from [cn.bingoogolapple:bga-qrcode-core:1.2.1] AndroidManifest.xml:14:9-33
	android:name
		ADDED from [cn.bingoogolapple:bga-qrcode-core:1.2.1] AndroidManifest.xml:13:9-57
uses-feature#android.hardware.camera.flash
ADDED from [cn.bingoogolapple:bga-qrcode-core:1.2.1] AndroidManifest.xml:15:5-17:36
	android:required
		ADDED from [cn.bingoogolapple:bga-qrcode-core:1.2.1] AndroidManifest.xml:17:9-33
	android:name
		ADDED from [cn.bingoogolapple:bga-qrcode-core:1.2.1] AndroidManifest.xml:16:9-53